<?xml version="1.0" encoding="UTF-8"?>
<!-- Generated by org.testng.reporters.JUnitXMLReporter -->
<testsuite hostname="DESKTOP-QH3466D" ignored="0" name="Default test" tests="12" failures="0" timestamp="2021-09-16T21:02:12 IST" time="89.759" errors="0">
  <testcase name="LaunchBrowser" time="6.765" classname="com.Assgnments.suite.Assngnment6"/>
  <testcase name="navigate" time="7.941" classname="com.Assgnments.suite.Assngnment6"/>
  <testcase name="Login" time="5.329" classname="com.Assgnments.suite.Assngnment6"/>
  <testcase name="minimize" time="3.036" classname="com.Assgnments.suite.Assngnment6"/>
  <testcase name="creatcustomer" time="16.372" classname="com.Assgnments.suite.Assngnment6"/>
  <testcase name="createproj" time="6.712" classname="com.Assgnments.suite.Assngnment6"/>
  <testcase name="modifyproj" time="5.315" classname="com.Assgnments.suite.Assngnment6"/>
  <testcase name="deletcust" time="6.693" classname="com.Assgnments.suite.Assngnment6"/>
  <testcase name="createuser" time="20.829" classname="com.Assgnments.suite.Assngnment6"/>
  <testcase name="deletuser" time="7.324" classname="com.Assgnments.suite.Assngnment6"/>
  <testcase name="Logout" time="2.928" classname="com.Assgnments.suite.Assngnment6"/>
  <testcase name="close" time="0.391" classname="com.Assgnments.suite.Assngnment6"/>
</testsuite> <!-- Default test -->
