<?xml version="1.0" encoding="UTF-8"?>
<!-- Generated by org.testng.reporters.JUnitXMLReporter -->
<testsuite hostname="DESKTOP-QH3466D" ignored="0" name="Assngment1 and Assngment2 and Assgnment3 and Assgnment4 and Assgnment5 and Assngnment6 and Assgnment7" tests="67" failures="0" timestamp="2021-09-16T16:39:52 IST" time="365.522" errors="0">
  <testcase name="launchBrowser" time="6.775" classname="com.Assgnments.suite.Assngment1"/>
  <testcase name="navigate" time="6.53" classname="com.Assgnments.suite.Assngment1"/>
  <testcase name="login" time="4.387" classname="com.Assgnments.suite.Assngment1"/>
  <testcase name="minimizeFlyOutWindow" time="2.117" classname="com.Assgnments.suite.Assngment1"/>
  <testcase name="createUser" time="14.689" classname="com.Assgnments.suite.Assngment1"/>
  <testcase name="deleteUser" time="6.652" classname="com.Assgnments.suite.Assngment1"/>
  <testcase name="logout" time="2.956" classname="com.Assgnments.suite.Assngment1"/>
  <testcase name="closeApplication" time="0.65" classname="com.Assgnments.suite.Assngment1"/>
  <testcase name="lauch" time="5.348" classname="com.Assgnments.suite.Assngment2"/>
  <testcase name="navigate" time="6.506" classname="com.Assgnments.suite.Assngment2"/>
  <testcase name="login" time="4.361" classname="com.Assgnments.suite.Assngment2"/>
  <testcase name="minimize" time="1.407" classname="com.Assgnments.suite.Assngment2"/>
  <testcase name="createuser" time="8.03" classname="com.Assgnments.suite.Assngment2"/>
  <testcase name="modify" time="0.028" classname="com.Assgnments.suite.Assngment2"/>
  <testcase name="deleteUser" time="0.023" classname="com.Assgnments.suite.Assngment2"/>
  <testcase name="Logout" time="2.484" classname="com.Assgnments.suite.Assngment2"/>
  <testcase name="close" time="0.13" classname="com.Assgnments.suite.Assngment2"/>
  <testcase name="launch" time="5.97" classname="com.Assgnments.suite.Assgnment3"/>
  <testcase name="navigate" time="5.82" classname="com.Assgnments.suite.Assgnment3"/>
  <testcase name="Login" time="4.378" classname="com.Assgnments.suite.Assgnment3"/>
  <testcase name="minimize" time="2.131" classname="com.Assgnments.suite.Assgnment3"/>
  <testcase name="creatcustomer" time="15.57" classname="com.Assgnments.suite.Assgnment3"/>
  <testcase name="deletCustomer" time="10.533" classname="com.Assgnments.suite.Assgnment3"/>
  <testcase name="Logout" time="2.778" classname="com.Assgnments.suite.Assgnment3"/>
  <testcase name="close" time="0.386" classname="com.Assgnments.suite.Assgnment3"/>
  <testcase name="launch" time="6.349" classname="com.Assgnments.suite.Assgnment4"/>
  <testcase name="navigate" time="6.607" classname="com.Assgnments.suite.Assgnment4"/>
  <testcase name="Login" time="4.331" classname="com.Assgnments.suite.Assgnment4"/>
  <testcase name="minimize" time="2.108" classname="com.Assgnments.suite.Assgnment4"/>
  <testcase name="creatcustomer" time="15.662" classname="com.Assgnments.suite.Assgnment4"/>
  <testcase name="modifycustomer" time="2.49" classname="com.Assgnments.suite.Assgnment4"/>
  <testcase name="deletCustomer" time="2.184" classname="com.Assgnments.suite.Assgnment4"/>
  <testcase name="Logout" time="2.578" classname="com.Assgnments.suite.Assgnment4"/>
  <testcase name="close" time="0.363" classname="com.Assgnments.suite.Assgnment4"/>
  <testcase name="LaunchBrowser" time="6.058" classname="com.Assgnments.suite.Assgnment5"/>
  <testcase name="navigate" time="7.008" classname="com.Assgnments.suite.Assgnment5"/>
  <testcase name="Login" time="4.332" classname="com.Assgnments.suite.Assgnment5"/>
  <testcase name="minimize" time="2.102" classname="com.Assgnments.suite.Assgnment5"/>
  <testcase name="creatcustomer" time="15.523" classname="com.Assgnments.suite.Assgnment5"/>
  <testcase name="createproj" time="6.584" classname="com.Assgnments.suite.Assgnment5"/>
  <testcase name="deletproj" time="3.451" classname="com.Assgnments.suite.Assgnment5"/>
  <testcase name="deletcust" time="8.545" classname="com.Assgnments.suite.Assgnment5"/>
  <testcase name="Logout" time="3.227" classname="com.Assgnments.suite.Assgnment5"/>
  <testcase name="close" time="0.525" classname="com.Assgnments.suite.Assgnment5"/>
  <testcase name="LaunchBrowser" time="6.356" classname="com.Assgnments.suite.Assngnment6"/>
  <testcase name="navigate" time="6.095" classname="com.Assgnments.suite.Assngnment6"/>
  <testcase name="Login" time="4.366" classname="com.Assgnments.suite.Assngnment6"/>
  <testcase name="minimize" time="2.27" classname="com.Assgnments.suite.Assngnment6"/>
  <testcase name="creatcustomer" time="15.58" classname="com.Assgnments.suite.Assngnment6"/>
  <testcase name="createproj" time="6.493" classname="com.Assgnments.suite.Assngnment6"/>
  <testcase name="modifyproj" time="4.67" classname="com.Assgnments.suite.Assngnment6"/>
  <testcase name="deletcust" time="6.483" classname="com.Assgnments.suite.Assngnment6"/>
  <testcase name="createuser" time="15.328" classname="com.Assgnments.suite.Assngnment6"/>
  <testcase name="deletuser" time="7.072" classname="com.Assgnments.suite.Assngnment6"/>
  <testcase name="Logout" time="2.8" classname="com.Assgnments.suite.Assngnment6"/>
  <testcase name="close" time="0.322" classname="com.Assgnments.suite.Assngnment6"/>
  <testcase name="LaunchBrowser" time="6.227" classname="com.Assgnments.suite.Assgnment7"/>
  <testcase name="navigate" time="6.819" classname="com.Assgnments.suite.Assgnment7"/>
  <testcase name="Login" time="4.388" classname="com.Assgnments.suite.Assgnment7"/>
  <testcase name="minimize" time="2.096" classname="com.Assgnments.suite.Assgnment7"/>
  <testcase name="creatcustomer" time="15.797" classname="com.Assgnments.suite.Assgnment7"/>
  <testcase name="createproj" time="6.53" classname="com.Assgnments.suite.Assgnment7"/>
  <testcase name="createtask" time="6.646" classname="com.Assgnments.suite.Assgnment7"/>
  <testcase name="delettsk" time="6.577" classname="com.Assgnments.suite.Assgnment7"/>
  <testcase name="deletcustomer" time="8.5" classname="com.Assgnments.suite.Assgnment7"/>
  <testcase name="Logout" time="2.824" classname="com.Assgnments.suite.Assgnment7"/>
  <testcase name="close" time="0.35" classname="com.Assgnments.suite.Assgnment7"/>
</testsuite> <!-- Assngment1 and Assngment2 and Assgnment3 and Assgnment4 and Assgnment5 and Assngnment6 and Assgnment7 -->
